{
  "stats": {
    "suites": 1,
    "tests": 1,
    "passes": 1,
    "pending": 0,
    "failures": 0,
    "start": "2023-08-29T06:51:50.908Z",
    "end": "2023-08-29T06:51:50.934Z",
    "duration": 26,
    "testsRegistered": 1,
    "passPercent": 100,
    "pendingPercent": 0,
    "other": 0,
    "hasOther": false,
    "skipped": 0,
    "hasSkipped": false
  },
  "results": [
    {
      "uuid": "8564a300-6663-45cb-bade-79aa20ac7d5a",
      "title": "",
      "fullFile": "/Users/himanshudangwal/Desktop/Assignment Questions NodeJS/Question 1/test_node_/__tests__/test.js",
      "file": "/__tests__/test.js",
      "beforeHooks": [],
      "afterHooks": [],
      "tests": [],
      "suites": [
        {
          "uuid": "576ecbdc-c36d-4f2c-91e3-83d7c8bdbbaf",
          "title": "GET /",
          "fullFile": "/Users/himanshudangwal/Desktop/Assignment Questions NodeJS/Question 1/test_node_/__tests__/test.js",
          "file": "/__tests__/test.js",
          "beforeHooks": [],
          "afterHooks": [],
          "tests": [
            {
              "title": "should return some test results",
              "fullTitle": "GET / should return some test results",
              "timedOut": false,
              "duration": 20,
              "state": "passed",
              "speed": "fast",
              "pass": true,
              "fail": false,
              "pending": false,
              "context": null,
              "code": "try {\n  const res = await chai.request(app).get('/value');\n  expect(res).to.have.status(200);\n  expect(res.body).to.have.property('message').to.equal('Hello this is testing file');\n  // Add more assertions as needed\n} catch (err) {\n  throw err;\n}",
              "err": {},
              "uuid": "510ba51b-2cc7-4844-943a-5b4ed5a87f00",
              "parentUUID": "576ecbdc-c36d-4f2c-91e3-83d7c8bdbbaf",
              "isHook": false,
              "skipped": false
            }
          ],
          "suites": [],
          "passes": [
            "510ba51b-2cc7-4844-943a-5b4ed5a87f00"
          ],
          "failures": [],
          "pending": [],
          "skipped": [],
          "duration": 20,
          "root": false,
          "rootEmpty": false,
          "_timeout": 60000
        }
      ],
      "passes": [],
      "failures": [],
      "pending": [],
      "skipped": [],
      "duration": 0,
      "root": true,
      "rootEmpty": true,
      "_timeout": 60000
    }
  ],
  "meta": {
    "mocha": {
      "version": "10.2.0"
    },
    "mochawesome": {
      "options": {
        "quiet": false,
        "reportFilename": "mochawesome",
        "saveHtml": true,
        "saveJson": true,
        "consoleReporter": "spec",
        "useInlineDiffs": false,
        "code": true
      },
      "version": "7.1.3"
    },
    "marge": {
      "options": null,
      "version": "6.2.0"
    }
  }
}